[INFO] Starting thread 0
[INFO] Starting thread 1
[INFO] Starting thread 2
[INFO] Starting thread 3
[INFO] Starting thread 4
SLF4J: Failed to load class "org.slf4j.impl.StaticLoggerBinder".
SLF4J: Defaulting to no-operation (NOP) logger implementation
SLF4J: See http://www.slf4j.org/codes.html#StaticLoggerBinder for further details.
Jul 16, 2024 1:11:43 PM org.openqa.selenium.remote.ProtocolHandshake createSession
INFO: Detected dialect: W3C
Jul 16, 2024 1:11:43 PM org.openqa.selenium.remote.ProtocolHandshake createSession
INFO: Detected dialect: W3C
Jul 16, 2024 1:11:43 PM org.openqa.selenium.remote.ProtocolHandshake createSession
INFO: Detected dialect: W3C
Jul 16, 2024 1:11:43 PM org.openqa.selenium.remote.ProtocolHandshake createSession
INFO: Detected dialect: W3C
Jul 16, 2024 1:11:44 PM org.openqa.selenium.remote.ProtocolHandshake createSession
INFO: Detected dialect: W3C
[INFO] Restarting process 1...
[INFO] Waiting...
[INFO] Restarting thread 0
[INFO] Restarting thread 1
[INFO] Restarting thread 2
[INFO] Restarting thread 3
[INFO] Restarting thread 4
Jul 16, 2024 1:11:49 PM org.openqa.selenium.remote.ProtocolHandshake createSession
INFO: Detected dialect: W3C
Jul 16, 2024 1:11:49 PM org.openqa.selenium.remote.ProtocolHandshake createSession
INFO: Detected dialect: W3C
Jul 16, 2024 1:11:49 PM org.openqa.selenium.remote.ProtocolHandshake createSession
INFO: Detected dialect: W3C
Jul 16, 2024 1:11:49 PM org.openqa.selenium.remote.ProtocolHandshake createSession
INFO: Detected dialect: W3C
Jul 16, 2024 1:11:49 PM org.openqa.selenium.remote.ProtocolHandshake createSession
INFO: Detected dialect: W3C
========= ERROR ABOVE ========
